Build started 5/4/16 4:28:09 PM.
     1>Project "C:\Users\wenbinli\Documents\OOD\Proj4\Sender\Sender.vcxproj" on node 2 (Rebuild target(s)).
     1>ClCompile:
         C:\Program Files (x86)\Microsoft Visual Studio 14.0\VC\bin\CL.exe /c /ZI /nologo /W3 /WX- /Od /Oy- /D WIN32 /D _DEBUG /D _CONSOLE /D _UNICODE /D UNICODE /D zTEST_SENDER /Gm /EHsc /RTC1 /MDd /GS /fp:precise /Zc:wchar_t /Zc:forScope /Zc:inline /Fo"Debug\\" /Fd"Debug\Sender.pdb" /Gd /TP /analyze- /errorReport:prompt ..\BlockingQueue\BlockingQueue.cpp ..\FileMgr\FileSystem.cpp ..\HttpMessage\HttpMessage.cpp ..\Logger\Logger.cpp ..\Sockets\Sockets.cpp ..\Utilities\Utilities.cpp Sender.cpp
         Sender.cpp
         Utilities.cpp
         Sockets.cpp
         Logger.cpp
         HttpMessage.cpp
         FileSystem.cpp
         BlockingQueue.cpp
         Generating Code...
       Lib:
         C:\Program Files (x86)\Microsoft Visual Studio 14.0\VC\bin\Lib.exe /OUT:"C:\Users\wenbinli\Documents\OOD\Proj4\Debug\Sender.lib" /NOLOGO Debug\BlockingQueue.obj
         Debug\FileSystem.obj
         Debug\HttpMessage.obj
         Debug\Logger.obj
         Debug\Sockets.obj
         Debug\Utilities.obj
         Debug\Sender.obj
         Sender.vcxproj -> C:\Users\wenbinli\Documents\OOD\Proj4\Debug\Sender.lib
     1>Done Building Project "C:\Users\wenbinli\Documents\OOD\Proj4\Sender\Sender.vcxproj" (Rebuild target(s)).

Build succeeded.

Time Elapsed 00:00:07.65
