Build started 5/4/16 4:28:48 PM.
     1>Project "C:\Users\wenbinli\Documents\OOD\Proj4\Client2\Client2.vcxproj" on node 2 (Rebuild target(s)).
     1>ClCompile:
         C:\Program Files (x86)\Microsoft Visual Studio 14.0\VC\bin\CL.exe /c /ZI /nologo /W3 /WX- /Od /Oy- /D WIN32 /D _DEBUG /D _CONSOLE /D _UNICODE /D UNICODE /D TEST_CLIENT2 /Gm /EHsc /RTC1 /MDd /GS /fp:precise /Zc:wchar_t /Zc:forScope /Zc:inline /Fo"Debug\\" /Fd"Debug\vc140.pdb" /Gd /TP /analyze- /errorReport:prompt ..\BlockingQueue\BlockingQueue.cpp ..\Client\Client.cpp ..\FileMgr\FileSystem.cpp ..\HttpMessage\HttpMessage.cpp ..\Logger\Logger.cpp ..\Receiver\Receiver.cpp ..\RequestHandler\RequestHandler.cpp ..\Sender\Sender.cpp ..\Sockets\Sockets.cpp ..\Utilities\Utilities.cpp Client2.cpp
         Client2.cpp
         Utilities.cpp
         Sockets.cpp
         Sender.cpp
         RequestHandler.cpp
         Receiver.cpp
         Logger.cpp
         HttpMessage.cpp
         FileSystem.cpp
         Client.cpp
         BlockingQueue.cpp
         Generating Code...
       Link:
         C:\Program Files (x86)\Microsoft Visual Studio 14.0\VC\bin\link.exe /ERRORREPORT:PROMPT /OUT:"C:\Users\wenbinli\Documents\OOD\Proj4\Debug\Client2.exe" /INCREMENTAL /NOLOGO kernel32.lib user32.lib gdi32.lib winspool.lib comdlg32.lib advapi32.lib shell32.lib ole32.lib oleaut32.lib uuid.lib odbc32.lib odbccp32.lib /MANIFEST /MANIFESTUAC:"level='asInvoker' uiAccess='false'" /manifest:embed /Debug /PDB:"C:\Users\wenbinli\Documents\OOD\Proj4\Debug\Client2.pdb" /SUBSYSTEM:CONSOLE /TLBID:1 /DYNAMICBASE /NXCOMPAT /IMPLIB:"C:\Users\wenbinli\Documents\OOD\Proj4\Debug\Client2.lib" /MACHINE:X86 Debug\BlockingQueue.obj
         Debug\Client.obj
         Debug\FileSystem.obj
         Debug\HttpMessage.obj
         Debug\Logger.obj
         Debug\Receiver.obj
         Debug\RequestHandler.obj
         Debug\Sender.obj
         Debug\Sockets.obj
         Debug\Utilities.obj
         Debug\Client2.obj
         C:\Users\wenbinli\Documents\OOD\Proj4\Debug\XmlElementParts.lib
         C:\Users\wenbinli\Documents\OOD\Proj4\Debug\XmlElement.lib
         C:\Users\wenbinli\Documents\OOD\Proj4\Debug\XmlParser.lib
         C:\Users\wenbinli\Documents\OOD\Proj4\Debug\XmlDocument.lib
         C:\Users\wenbinli\Documents\OOD\Proj4\Debug\RequestHandler.lib
         Client2.vcxproj -> C:\Users\wenbinli\Documents\OOD\Proj4\Debug\Client2.exe
     1>Done Building Project "C:\Users\wenbinli\Documents\OOD\Proj4\Client2\Client2.vcxproj" (Rebuild target(s)).

Build succeeded.

Time Elapsed 00:00:13.41
