Build started 5/4/16 4:28:08 PM.
     1>Project "C:\Users\wenbinli\Documents\OOD\Proj4\XmlDocument\XmlDocument.vcxproj" on node 3 (Rebuild target(s)).
     1>ClCompile:
         C:\Program Files (x86)\Microsoft Visual Studio 14.0\VC\bin\CL.exe /c /ZI /nologo /W3 /WX- /sdl /Od /Oy- /D WIN32 /D _DEBUG /D _CONSOLE /D _LIB /D _UNICODE /D UNICODE /D zTEST_XMLDOCUMENT /Gm /EHsc /RTC1 /MDd /GS /fp:precise /Zc:wchar_t /Zc:forScope /Zc:inline /Fo"Debug\\" /Fd"Debug\XmlDocument.pdb" /Gd /TP /analyze- /errorReport:prompt ..\XmlElementParts\Tokenizer.cpp ..\XmlElementParts\xmlElementParts.cpp ..\XmlElement\XmlElement.cpp ..\XmlParser\XmlParser.cpp XmlDocument.cpp
         XmlDocument.cpp
         XmlParser.cpp
         XmlElement.cpp
         xmlElementParts.cpp
         Tokenizer.cpp
         Generating Code...
       Lib:
         C:\Program Files (x86)\Microsoft Visual Studio 14.0\VC\bin\Lib.exe /OUT:"C:\Users\wenbinli\Documents\OOD\Proj4\Debug\XmlDocument.lib" /NOLOGO Debug\Tokenizer.obj
         Debug\xmlElementParts.obj
         Debug\XmlElement.obj
         Debug\XmlParser.obj
         Debug\XmlDocument.obj
         XmlDocument.vcxproj -> C:\Users\wenbinli\Documents\OOD\Proj4\Debug\XmlDocument.lib
     1>Done Building Project "C:\Users\wenbinli\Documents\OOD\Proj4\XmlDocument\XmlDocument.vcxproj" (Rebuild target(s)).

Build succeeded.

Time Elapsed 00:00:05.70
