Build started 5/4/16 4:28:25 PM.
     1>Project "C:\Users\wenbinli\Documents\OOD\Proj4\Receiver\Receiver.vcxproj" on node 3 (Rebuild target(s)).
     1>ClCompile:
         C:\Program Files (x86)\Microsoft Visual Studio 14.0\VC\bin\CL.exe /c /ZI /nologo /W3 /WX- /Od /Oy- /D WIN32 /D _DEBUG /D _CONSOLE /D _UNICODE /D UNICODE /D zTEST_RECEIVER /Gm /EHsc /RTC1 /MDd /GS /fp:precise /Zc:wchar_t /Zc:forScope /Zc:inline /Fo"Debug\\" /Fd"Debug\Receiver.pdb" /Gd /TP /analyze- /errorReport:prompt ..\FileMgr\FileSystem.cpp ..\HttpMessage\HttpMessage.cpp ..\Logger\Logger.cpp ..\RequestHandler\RequestHandler.cpp ..\Sockets\Sockets.cpp ..\Utilities\Utilities.cpp Receiver.cpp
         Receiver.cpp
         Utilities.cpp
         Sockets.cpp
         RequestHandler.cpp
         Logger.cpp
         HttpMessage.cpp
         FileSystem.cpp
         Generating Code...
       Lib:
         C:\Program Files (x86)\Microsoft Visual Studio 14.0\VC\bin\Lib.exe /OUT:"C:\Users\wenbinli\Documents\OOD\Proj4\Debug\Receiver.lib" /NOLOGO Debug\FileSystem.obj
         Debug\HttpMessage.obj
         Debug\Logger.obj
         Debug\RequestHandler.obj
         Debug\Sockets.obj
         Debug\Utilities.obj
         Debug\Receiver.obj
         Receiver.vcxproj -> C:\Users\wenbinli\Documents\OOD\Proj4\Debug\Receiver.lib
     1>Done Building Project "C:\Users\wenbinli\Documents\OOD\Proj4\Receiver\Receiver.vcxproj" (Rebuild target(s)).

Build succeeded.

Time Elapsed 00:00:07.62
